<?xml version="1.0"?><coverage lines-covered="0" lines-valid="7" line-rate="0" branches-covered="0" branches-valid="0" branch-rate="0" complexity="0" version="1.9" timestamp="1744028881"><sources><source>/home/sob/Projects/Rust-SDLC/newsletter-rs</source></sources><packages><package name="src" line-rate="0" branch-rate="0" complexity="0"><classes><class name="main" filename="src/main.rs" line-rate="0" branch-rate="0" complexity="0"><methods/><lines><line number="7" hits="0"/><line number="8" hits="0"/><line number="9" hits="0"/><line number="10" hits="0"/><line number="11" hits="0"/><line number="12" hits="0"/><line number="16" hits="0"/></lines></class></classes></package></packages></coverage>