SF:D:\ME\Rust\Axum\newsletter-rs\src\lib.rs
FN:8,_RNvCsauVzkaeFwXc_13newsletter_rs9build_app
FN:4,_RNvCsauVzkaeFwXc_13newsletter_rs12health_check
FN:15,_RNvCsauVzkaeFwXc_13newsletter_rss_35test_health_check_returns_ok_status
FN:4,_RNCNvCsauVzkaeFwXc_13newsletter_rs12health_check0B3_
FN:8,_RNCNvCsauVzkaeFwXc_13newsletter_rs9build_app0B3_
FN:15,_RNCNvCsauVzkaeFwXc_13newsletter_rss_35test_health_check_returns_ok_status0B3_
FN:4,_RNvCs1GlVANydBU0_13newsletter_rs12health_check
FN:8,_RNvCs1GlVANydBU0_13newsletter_rs9build_app
FN:4,_RNCNvCs1GlVANydBU0_13newsletter_rs12health_check0B3_
FN:8,_RNCNvCs1GlVANydBU0_13newsletter_rs9build_app0B3_
FNDA:0,_RNvCsauVzkaeFwXc_13newsletter_rs9build_app
FNDA:1,_RNvCsauVzkaeFwXc_13newsletter_rs12health_check
FNDA:1,_RNvCsauVzkaeFwXc_13newsletter_rss_35test_health_check_returns_ok_status
FNDA:1,_RNCNvCsauVzkaeFwXc_13newsletter_rs12health_check0B3_
FNDA:0,_RNCNvCsauVzkaeFwXc_13newsletter_rs9build_app0B3_
FNDA:1,_RNCNvCsauVzkaeFwXc_13newsletter_rss_35test_health_check_returns_ok_status0B3_
FNDA:1,_RNvCs1GlVANydBU0_13newsletter_rs12health_check
FNDA:2,_RNvCs1GlVANydBU0_13newsletter_rs9build_app
FNDA:1,_RNCNvCs1GlVANydBU0_13newsletter_rs12health_check0B3_
FNDA:2,_RNCNvCs1GlVANydBU0_13newsletter_rs9build_app0B3_
FNF:6
FNH:6
DA:4,2
DA:5,2
DA:6,2
DA:8,2
DA:9,2
DA:10,2
DA:11,2
DA:12,2
DA:15,1
DA:16,1
DA:17,1
DA:18,1
BRF:0
BRH:0
LF:16
LH:16
end_of_record
SF:D:\ME\Rust\Axum\newsletter-rs\src\main.rs
FN:6,_RNCNvCs1AkBveGWGIl_13newsletter_rs4main0B3_
FN:6,_RNvCs1AkBveGWGIl_13newsletter_rs4main
FN:18,_RNCNvNtCs1AkBveGWGIl_13newsletter_rs5testss_42test_build_app_creates_router_and_listener0B5_
FN:18,_RNvNtCs1AkBveGWGIl_13newsletter_rs5testss_42test_build_app_creates_router_and_listener
FN:6,_RNCNvCslorzqlitn6z_13newsletter_rs4main0B3_
FN:6,_RNvCslorzqlitn6z_13newsletter_rs4main
FNDA:0,_RNCNvCs1AkBveGWGIl_13newsletter_rs4main0B3_
FNDA:0,_RNvCs1AkBveGWGIl_13newsletter_rs4main
FNDA:1,_RNCNvNtCs1AkBveGWGIl_13newsletter_rs5testss_42test_build_app_creates_router_and_listener0B5_
FNDA:1,_RNvNtCs1AkBveGWGIl_13newsletter_rs5testss_42test_build_app_creates_router_and_listener
FNDA:0,_RNCNvCslorzqlitn6z_13newsletter_rs4main0B3_
FNDA:0,_RNvCslorzqlitn6z_13newsletter_rs4main
FNF:4
FNH:2
DA:6,0
DA:7,0
DA:8,0
DA:9,0
DA:10,0
DA:11,0
DA:18,1
DA:19,1
DA:20,1
DA:22,1
DA:23,1
DA:24,1
BRF:0
BRH:0
LF:16
LH:8
end_of_record