SF:D:\ME\Rust\Axum\newsletter-rs\src\database\data_base.rs
FN:15,_RNvMNtNtCsbqfNDTEJ2Fw_13newsletter_rs8database9data_baseNtB2_9FormUsers3new
FN:15,_RNvMNtNtCs50wrgpArmPG_13newsletter_rs8database9data_baseNtB2_9FormUsers3new
FNDA:2,_RNvMNtNtCsbqfNDTEJ2Fw_13newsletter_rs8database9data_baseNtB2_9FormUsers3new
FNDA:2,_RNvMNtNtCs50wrgpArmPG_13newsletter_rs8database9data_baseNtB2_9FormUsers3new
FNF:1
FNH:1
DA:15,4
DA:16,4
DA:17,4
DA:18,4
DA:19,4
DA:20,4
BRF:0
BRH:0
LF:6
LH:6
end_of_record
SF:D:\ME\Rust\Axum\newsletter-rs\src\handlers\health.rs
FN:4,_RNvNtNtCsbqfNDTEJ2Fw_13newsletter_rs8handlers6health12health_check
FN:4,_RNCNvNtNtCsbqfNDTEJ2Fw_13newsletter_rs8handlers6health12health_check0B7_
FN:4,_RNvNtNtCs50wrgpArmPG_13newsletter_rs8handlers6health12health_check
FN:16,_RNCNvNtNtNtCs50wrgpArmPG_13newsletter_rs8handlers6health11health_tests_17test_health_check0B9_
FN:4,_RNCNvNtNtCs50wrgpArmPG_13newsletter_rs8handlers6health12health_check0B7_
FN:16,_RNvNtNtNtCs50wrgpArmPG_13newsletter_rs8handlers6health11health_tests_17test_health_check
FNDA:1,_RNvNtNtCsbqfNDTEJ2Fw_13newsletter_rs8handlers6health12health_check
FNDA:1,_RNCNvNtNtCsbqfNDTEJ2Fw_13newsletter_rs8handlers6health12health_check0B7_
FNDA:1,_RNvNtNtCs50wrgpArmPG_13newsletter_rs8handlers6health12health_check
FNDA:1,_RNCNvNtNtNtCs50wrgpArmPG_13newsletter_rs8handlers6health11health_tests_17test_health_check0B9_
FNDA:1,_RNCNvNtNtCs50wrgpArmPG_13newsletter_rs8handlers6health12health_check0B7_
FNDA:1,_RNvNtNtNtCs50wrgpArmPG_13newsletter_rs8handlers6health11health_tests_17test_health_check
FNF:4
FNH:4
DA:4,2
DA:5,2
DA:6,2
DA:16,1
DA:17,1
DA:18,1
DA:19,1
DA:20,1
DA:21,1
DA:22,1
DA:23,1
DA:24,1
BRF:0
BRH:0
LF:15
LH:15
end_of_record
SF:D:\ME\Rust\Axum\newsletter-rs\src\handlers\subscriptions.rs
FN:22,_RNvNtNtCsbqfNDTEJ2Fw_13newsletter_rs8handlers13subscriptions15get_subscribers
FN:9,_RNvNtNtCsbqfNDTEJ2Fw_13newsletter_rs8handlers13subscriptions9subscribe
FN:22,_RNCNvNtNtCsbqfNDTEJ2Fw_13newsletter_rs8handlers13subscriptions15get_subscribers0B7_
FN:12,_RNCNvNtNtCsbqfNDTEJ2Fw_13newsletter_rs8handlers13subscriptions9subscribe0B7_
FN:49,_RNCNvNtNtNtCs50wrgpArmPG_13newsletter_rs8handlers13subscriptions5testss_27test_subscribe_creates_user0B9_
FN:66,_RNCNvNtNtNtCs50wrgpArmPG_13newsletter_rs8handlers13subscriptions5testss_28test_subscribe_increments_id0B9_
FN:87,_RNCNvNtNtNtCs50wrgpArmPG_13newsletter_rs8handlers13subscriptions5testss_33test_get_subscribers_returns_user0B9_
FN:103,_RNCNvNtNtNtCs50wrgpArmPG_13newsletter_rs8handlers13subscriptions5testss_45test_get_subscribers_panics_on_nonexistent_id0B9_
FN:37,_RNvNtNtNtCs50wrgpArmPG_13newsletter_rs8handlers13subscriptions5tests14create_test_db
FN:41,_RNvNtNtNtCs50wrgpArmPG_13newsletter_rs8handlers13subscriptions5tests16create_test_user
FN:49,_RNvNtNtNtCs50wrgpArmPG_13newsletter_rs8handlers13subscriptions5testss_27test_subscribe_creates_user
FN:66,_RNvNtNtNtCs50wrgpArmPG_13newsletter_rs8handlers13subscriptions5testss_28test_subscribe_increments_id
FN:87,_RNvNtNtNtCs50wrgpArmPG_13newsletter_rs8handlers13subscriptions5testss_33test_get_subscribers_returns_user
FN:103,_RNvNtNtNtCs50wrgpArmPG_13newsletter_rs8handlers13subscriptions5testss_45test_get_subscribers_panics_on_nonexistent_id
FN:22,_RNCNvNtNtCs50wrgpArmPG_13newsletter_rs8handlers13subscriptions15get_subscribers0B7_
FN:12,_RNCNvNtNtCs50wrgpArmPG_13newsletter_rs8handlers13subscriptions9subscribe0B7_
FN:22,_RNvNtNtCs50wrgpArmPG_13newsletter_rs8handlers13subscriptions15get_subscribers
FN:9,_RNvNtNtCs50wrgpArmPG_13newsletter_rs8handlers13subscriptions9subscribe
FNDA:0,_RNvNtNtCsbqfNDTEJ2Fw_13newsletter_rs8handlers13subscriptions15get_subscribers
FNDA:1,_RNvNtNtCsbqfNDTEJ2Fw_13newsletter_rs8handlers13subscriptions9subscribe
FNDA:0,_RNCNvNtNtCsbqfNDTEJ2Fw_13newsletter_rs8handlers13subscriptions15get_subscribers0B7_
FNDA:1,_RNCNvNtNtCsbqfNDTEJ2Fw_13newsletter_rs8handlers13subscriptions9subscribe0B7_
FNDA:1,_RNCNvNtNtNtCs50wrgpArmPG_13newsletter_rs8handlers13subscriptions5testss_27test_subscribe_creates_user0B9_
FNDA:1,_RNCNvNtNtNtCs50wrgpArmPG_13newsletter_rs8handlers13subscriptions5testss_28test_subscribe_increments_id0B9_
FNDA:1,_RNCNvNtNtNtCs50wrgpArmPG_13newsletter_rs8handlers13subscriptions5testss_33test_get_subscribers_returns_user0B9_
FNDA:1,_RNCNvNtNtNtCs50wrgpArmPG_13newsletter_rs8handlers13subscriptions5testss_45test_get_subscribers_panics_on_nonexistent_id0B9_
FNDA:4,_RNvNtNtNtCs50wrgpArmPG_13newsletter_rs8handlers13subscriptions5tests14create_test_db
FNDA:3,_RNvNtNtNtCs50wrgpArmPG_13newsletter_rs8handlers13subscriptions5tests16create_test_user
FNDA:1,_RNvNtNtNtCs50wrgpArmPG_13newsletter_rs8handlers13subscriptions5testss_27test_subscribe_creates_user
FNDA:1,_RNvNtNtNtCs50wrgpArmPG_13newsletter_rs8handlers13subscriptions5testss_28test_subscribe_increments_id
FNDA:1,_RNvNtNtNtCs50wrgpArmPG_13newsletter_rs8handlers13subscriptions5testss_33test_get_subscribers_returns_user
FNDA:1,_RNvNtNtNtCs50wrgpArmPG_13newsletter_rs8handlers13subscriptions5testss_45test_get_subscribers_panics_on_nonexistent_id
FNDA:2,_RNCNvNtNtCs50wrgpArmPG_13newsletter_rs8handlers13subscriptions15get_subscribers0B7_
FNDA:4,_RNCNvNtNtCs50wrgpArmPG_13newsletter_rs8handlers13subscriptions9subscribe0B7_
FNDA:2,_RNvNtNtCs50wrgpArmPG_13newsletter_rs8handlers13subscriptions15get_subscribers
FNDA:4,_RNvNtNtCs50wrgpArmPG_13newsletter_rs8handlers13subscriptions9subscribe
FNF:14
FNH:14
DA:9,5
DA:10,5
DA:11,5
DA:12,5
DA:13,5
DA:14,5
DA:16,5
DA:19,5
DA:20,5
DA:22,2
DA:23,2
DA:24,2
DA:25,2
DA:26,2
DA:37,4
DA:38,4
DA:39,4
DA:41,3
DA:42,3
DA:43,3
DA:44,3
DA:45,3
DA:46,3
DA:49,1
DA:50,1
DA:51,1
DA:53,1
DA:56,1
DA:57,1
DA:60,1
DA:61,1
DA:62,1
DA:63,1
DA:66,1
DA:67,1
DA:68,1
DA:69,1
DA:70,1
DA:71,1
DA:72,1
DA:75,1
DA:78,1
DA:80,1
DA:81,1
DA:82,1
DA:83,1
DA:84,1
DA:87,1
DA:88,1
DA:89,1
DA:92,1
DA:95,1
DA:96,1
DA:98,1
DA:99,1
DA:103,1
DA:104,1
DA:107,1
DA:108,1
BRF:0
BRH:0
LF:69
LH:69
end_of_record
SF:D:\ME\Rust\Axum\newsletter-rs\src\main.rs
FN:7,_RNCNvCsa9ZeEXonAqo_13newsletter_rs4main0B3_
FN:7,_RNvCsa9ZeEXonAqo_13newsletter_rs4main
FN:7,_RNvCsfYtw2EB6JSf_13newsletter_rs4main
FN:7,_RNCNvCsfYtw2EB6JSf_13newsletter_rs4main0B3_
FNDA:0,_RNCNvCsa9ZeEXonAqo_13newsletter_rs4main0B3_
FNDA:0,_RNvCsa9ZeEXonAqo_13newsletter_rs4main
FNDA:0,_RNvCsfYtw2EB6JSf_13newsletter_rs4main
FNDA:0,_RNCNvCsfYtw2EB6JSf_13newsletter_rs4main0B3_
FNF:2
FNH:0
DA:7,0
DA:8,0
DA:9,0
DA:11,0
DA:12,0
BRF:0
BRH:0
LF:7
LH:0
end_of_record
SF:D:\ME\Rust\Axum\newsletter-rs\src\startup.rs
FN:26,_RNvNtCsbqfNDTEJ2Fw_13newsletter_rs7startup10serve_args
FN:15,_RNvNtCsbqfNDTEJ2Fw_13newsletter_rs7startup11app_builder
FN:26,_RNCNvNtCsbqfNDTEJ2Fw_13newsletter_rs7startup10serve_args0B5_
FN:46,_RNCNvNtNtCs50wrgpArmPG_13newsletter_rs7startup4tests_15test_serve_args0B7_
FN:46,_RNvNtNtCs50wrgpArmPG_13newsletter_rs7startup4tests_15test_serve_args
FN:38,_RNvNtNtCs50wrgpArmPG_13newsletter_rs7startup4tests_16test_app_builder
FN:26,_RNCNvNtCs50wrgpArmPG_13newsletter_rs7startup10serve_args0B5_
FN:26,_RNvNtCs50wrgpArmPG_13newsletter_rs7startup10serve_args
FN:15,_RNvNtCs50wrgpArmPG_13newsletter_rs7startup11app_builder
FNDA:2,_RNvNtCsbqfNDTEJ2Fw_13newsletter_rs7startup10serve_args
FNDA:2,_RNvNtCsbqfNDTEJ2Fw_13newsletter_rs7startup11app_builder
FNDA:2,_RNCNvNtCsbqfNDTEJ2Fw_13newsletter_rs7startup10serve_args0B5_
FNDA:1,_RNCNvNtNtCs50wrgpArmPG_13newsletter_rs7startup4tests_15test_serve_args0B7_
FNDA:1,_RNvNtNtCs50wrgpArmPG_13newsletter_rs7startup4tests_15test_serve_args
FNDA:1,_RNvNtNtCs50wrgpArmPG_13newsletter_rs7startup4tests_16test_app_builder
FNDA:1,_RNCNvNtCs50wrgpArmPG_13newsletter_rs7startup10serve_args0B5_
FNDA:1,_RNvNtCs50wrgpArmPG_13newsletter_rs7startup10serve_args
FNDA:2,_RNvNtCs50wrgpArmPG_13newsletter_rs7startup11app_builder
FNF:6
FNH:6
DA:15,4
DA:16,4
DA:18,4
DA:19,4
DA:20,4
DA:21,4
DA:22,4
DA:23,4
DA:24,4
DA:26,3
DA:27,3
DA:28,3
DA:29,3
DA:30,3
DA:31,3
DA:38,1
DA:39,1
DA:42,1
DA:43,1
DA:46,1
DA:47,1
DA:50,1
DA:52,1
DA:55,1
DA:56,1
DA:57,1
DA:60,1
DA:61,1
BRF:0
BRH:0
LF:31
LH:31
end_of_record